<?xml version="1.0" encoding="UTF-8"?>
<!-- Generated by org.testng.reporters.JUnitReportReporter -->
<testsuite skipped="0" hostname="LAPTOP-TREQVJA5" name="com.automation.tests.SearchTest" tests="1" failures="0" timestamp="2021-03-08T17:31:58 IST" time="22.423" errors="0">
  <testcase name="SearchProduct" time="22.423" classname="com.automation.tests.SearchTest"/>
  <system-out/>
</testsuite> <!-- com.automation.tests.SearchTest -->
