<?xml version="1.0" encoding="UTF-8"?>
<!-- Generated by org.testng.reporters.JUnitReportReporter -->
<testsuite skipped="0" hostname="LAPTOP-TREQVJA5" name="com.automation.tests.SearchTest" tests="1" failures="0" timestamp="2021-03-08T16:02:02 IST" time="28.816" errors="0">
  <testcase name="SearchProduct" time="28.816" classname="com.automation.tests.SearchTest"/>
  <system-out/>
</testsuite> <!-- com.automation.tests.SearchTest -->
